<?xml version="1.0" encoding="UTF-8"?>
<!-- Generated by org.testng.reporters.JUnitXMLReporter -->
<testsuite hostname="ASSURASA-0P7T4" name="Project" tests="4" failures="0" timestamp="12 Aug 2020 11:36:02 GMT" time="77.027" errors="0">
  <testcase name="testCase2" time="45.451" classname="com.practice.MavenPractice.Project2"/>
  <testcase name="testCase1" time="47.752" classname="com.practice.MavenPractice.Project3"/>
  <testcase name="testCase" time="27.246" classname="com.practice.MavenPractice.Project4"/>
  <testcase name="testCase1" time="29.24" classname="com.practice.MavenPractice.Project2"/>
</testsuite> <!-- Project -->
