<?xml version="1.0" encoding="UTF-8"?>
<testng-results skipped="0" failed="0" total="1" passed="1">
  <reporter-output>
  </reporter-output>
  <suite name="Default suite" duration-ms="17275" started-at="2020-08-13T10:41:03Z" finished-at="2020-08-13T10:41:20Z">
    <groups>
    </groups>
    <test name="Default test" duration-ms="17275" started-at="2020-08-13T10:41:03Z" finished-at="2020-08-13T10:41:20Z">
      <class name="com.practice.MavenPractice.Project1Test">
        <test-method status="PASS" signature="config()[pri:0, instance:com.practice.MavenPractice.Project1Test@44ebcd03]" name="config" is-config="true" duration-ms="614" started-at="2020-08-13T16:11:03Z" finished-at="2020-08-13T16:11:03Z">
          <reporter-output>
          </reporter-output>
        </test-method> <!-- config -->
        <test-method status="PASS" signature="invokeBrowser()[pri:0, instance:com.practice.MavenPractice.Project1Test@44ebcd03]" name="invokeBrowser" duration-ms="16624" started-at="2020-08-13T16:11:03Z" finished-at="2020-08-13T16:11:20Z">
          <reporter-output>
          </reporter-output>
        </test-method> <!-- invokeBrowser -->
      </class> <!-- com.practice.MavenPractice.Project1Test -->
    </test> <!-- Default test -->
  </suite> <!-- Default suite -->
</testng-results>
